2025.08.31 18:57:15,762	INFO	1	org.l2jmobius.commons.util.IXmlReader	Network Config: ipconfig.xml exists using manual configuration...
2025.08.31 18:57:15,875	INFO	1	org.l2jmobius.gameserver.GameServer	------------------------------------------------=[ Database ]
2025.08.31 18:57:16,066	INFO	1	org.l2jmobius.commons.database.DatabaseFactory	Database: Initialized.
2025.08.31 18:57:16,066	INFO	1	org.l2jmobius.gameserver.GameServer	----------------------------------------------=[ ThreadPool ]
2025.08.31 18:57:16,068	INFO	1	org.l2jmobius.commons.threads.ThreadPool	ThreadPool: Initialized
2025.08.31 18:57:16,073	INFO	1	org.l2jmobius.commons.threads.ThreadPool	...scheduled pool executor with 48 total threads.
2025.08.31 18:57:16,073	INFO	1	org.l2jmobius.commons.threads.ThreadPool	...instant pool executor with 24 total threads.
2025.08.31 18:57:16,075	INFO	1	org.l2jmobius.gameserver.GameServer	-----------------------------------------------=[ IdManager ]
2025.08.31 18:57:16,076	INFO	1	org.l2jmobius.gameserver.instancemanager.IdManager	Updated characters online status.
2025.08.31 18:57:16,081	INFO	1	org.l2jmobius.gameserver.instancemanager.IdManager	IdManager: Cleaned 0 elements from database in 0 seconds.
2025.08.31 18:57:16,086	INFO	1	org.l2jmobius.gameserver.instancemanager.IdManager	IdManager: Cleaned 0 expired timestamps from database.
2025.08.31 18:57:16,088	INFO	1	org.l2jmobius.gameserver.instancemanager.IdManager	IdManager: 102912 id's available.
2025.08.31 18:57:16,090	INFO	1	org.l2jmobius.gameserver.cache.HtmCache	Cache[HTML]: Running lazy cache
2025.08.31 18:57:16,094	INFO	1	org.l2jmobius.gameserver.data.sql.ClanTable	Restored 0 clans from the database.
2025.08.31 18:57:16,095	INFO	1	org.l2jmobius.gameserver.data.sql.CrestTable	CrestTable: Loaded 0 Crests.
2025.08.31 18:57:16,171	INFO	1	org.l2jmobius.gameserver.scripting.ScriptEngineManager	Loaded 1 files to exclude.
2025.08.31 18:57:16,171	INFO	1	org.l2jmobius.gameserver.GameServer	---------------------------------------------------=[ World ]
2025.08.31 18:57:16,173	INFO	1	org.l2jmobius.gameserver.model.World	World: Setting up World Regions
2025.08.31 18:57:16,208	INFO	1	org.l2jmobius.gameserver.model.World	World: (176x256) World Region Grid set up.
2025.08.31 18:57:16,233	INFO	1	org.l2jmobius.gameserver.instancemanager.GlobalVariablesManager	GlobalVariablesManager: Loaded 2 variables.
2025.08.31 18:57:16,244	INFO	1	org.l2jmobius.commons.util.IXmlReader	StaticObjectData: Loaded 29 static objects.
2025.08.31 18:57:16,251	INFO	1	org.l2jmobius.gameserver.data.sql.TeleportLocationTable	TeleportLocationTable: Loaded 828 Teleport Location Templates
2025.08.31 18:57:16,259	INFO	1	org.l2jmobius.gameserver.data.xml.ExperienceData	ExperienceData: Loaded 87 levels
2025.08.31 18:57:16,259	INFO	1	org.l2jmobius.gameserver.data.xml.ExperienceData	ExperienceData: Max Player Level is: 80
2025.08.31 18:57:16,259	INFO	1	org.l2jmobius.gameserver.data.xml.ExperienceData	ExperienceData: Max Pet Level is: 80
2025.08.31 18:57:16,260	INFO	1	org.l2jmobius.gameserver.instancemanager.DuelManager	Initializing DuelManager
2025.08.31 18:57:16,260	INFO	1	org.l2jmobius.gameserver.GameServer	-------------------------------------------------=[ Players ]
2025.08.31 18:57:16,304	INFO	1	org.l2jmobius.commons.util.IXmlReader	PlayerTemplateData: Loaded 89 player templates.
2025.08.31 18:57:16,310	INFO	1	org.l2jmobius.gameserver.communitybbs.Manager.BaseBBSManager	Loaded 5 forums. Last forum id used: 5
2025.08.31 18:57:16,310	INFO	1	org.l2jmobius.gameserver.GameServer	--------------------------------------------------=[ Skills ]
2025.08.31 18:57:16,441	INFO	1	org.l2jmobius.gameserver.data.sql.SkillTreeTable	SkillTreeTable: Loaded 13851 skills.
2025.08.31 18:57:16,474	INFO	1	org.l2jmobius.gameserver.data.sql.SkillTreeTable	FishingSkillTreeTable: Loaded 109 general skills.
2025.08.31 18:57:16,475	INFO	1	org.l2jmobius.gameserver.data.sql.SkillTreeTable	FishingSkillTreeTable: Loaded 8 dwarven skills.
2025.08.31 18:57:16,475	INFO	1	org.l2jmobius.gameserver.data.sql.SkillTreeTable	EnchantSkillTreeTable: Loaded 14520 enchant skills.
2025.08.31 18:57:16,475	INFO	1	org.l2jmobius.gameserver.data.sql.SkillTreeTable	PledgeSkillTreeTable: Loaded 64 pledge skills.
2025.08.31 18:57:17,084	INFO	1	org.l2jmobius.gameserver.data.SkillTable	SkillsEngine: Loaded 30526 skill templates.
2025.08.31 18:57:17,087	INFO	1	org.l2jmobius.gameserver.data.sql.SkillSpellbookTable	SkillSpellbookTable: Loaded 334 spellbooks
2025.08.31 18:57:17,089	INFO	1	org.l2jmobius.gameserver.data.sql.HelperBuffTable	HelperBuffTable: Loaded 14 templates.
2025.08.31 18:57:17,089	INFO	1	org.l2jmobius.gameserver.GameServer	Skills: All skills loaded.
2025.08.31 18:57:17,089	INFO	1	org.l2jmobius.gameserver.GameServer	---------------------------------------------------=[ Items ]
2025.08.31 18:57:17,408	INFO	1	org.l2jmobius.gameserver.data.ItemTable	Highest item id used: 9991
2025.08.31 18:57:17,416	INFO	1	org.l2jmobius.gameserver.data.xml.ArmorSetData	ArmorSetData: Loaded 54 armor sets.
2025.08.31 18:57:17,452	INFO	1	org.l2jmobius.commons.util.IXmlReader	ExtractableItemData: Extractable with id 9514 has was more than 100% total chance!
2025.08.31 18:57:17,452	INFO	1	org.l2jmobius.commons.util.IXmlReader	ExtractableItemData: Loaded 335 extractable items.
2025.08.31 18:57:17,456	INFO	1	org.l2jmobius.commons.util.IXmlReader	SummonItemData: Loaded 14 summon items.
2025.08.31 18:57:17,463	INFO	1	org.l2jmobius.commons.util.IXmlReader	HennaData: Loaded 180 hennas.
2025.08.31 18:57:17,471	INFO	1	org.l2jmobius.commons.util.IXmlReader	FishData: Loaded 270 fish.
2025.08.31 18:57:17,472	INFO	1	org.l2jmobius.gameserver.GameServer	-----------------------------------------------------=[ Npc ]
2025.08.31 18:57:17,476	INFO	1	org.l2jmobius.gameserver.data.SchemeBufferTable	SchemeBufferTable: Loaded 0 players schemes and 60 available buffs.
2025.08.31 18:57:17,483	INFO	1	org.l2jmobius.gameserver.data.xml.WalkerRouteData	WalkerRouteData: Loaded 12 walker routes.
2025.08.31 18:57:17,600	INFO	1	org.l2jmobius.gameserver.data.sql.NpcTable	NpcTable: Loaded 6594 Npc Templates.
2025.08.31 18:57:17,601	INFO	1	org.l2jmobius.gameserver.data.sql.NpcTable	NpcTable: Loaded 6615 Npc Templates.
2025.08.31 18:57:17,618	INFO	1	org.l2jmobius.gameserver.data.sql.NpcTable	CustomDropList : Added 92 custom droplist
2025.08.31 18:57:17,653	INFO	1	org.l2jmobius.gameserver.data.sql.NpcTable	NpcTable: Loaded 451 Minions.
2025.08.31 18:57:17,653	INFO	1	org.l2jmobius.gameserver.GameServer	-------------------------------------------------=[ Geodata ]
2025.08.31 18:57:18,460	INFO	1	org.l2jmobius.gameserver.geoengine.GeoEngine	GeoEngine: Loaded 163 regions.
2025.08.31 18:57:18,460	INFO	1	org.l2jmobius.gameserver.GameServer	-------------------------------------------------=[ Economy ]
2025.08.31 18:57:18,583	INFO	1	org.l2jmobius.gameserver.instancemanager.TradeManager	TradeController: Loaded 508 Buylists.
2025.08.31 18:57:18,583	INFO	1	org.l2jmobius.gameserver.instancemanager.TradeManager	TradeController: Loaded 132 Limited Buylists.
2025.08.31 18:57:18,587	INFO	1	org.l2jmobius.gameserver.instancemanager.TradeManager	TradeController: Loaded 2 Custom Buylists.
2025.08.31 18:57:18,715	INFO	1	org.l2jmobius.gameserver.data.xml.MultisellData	Multisell: Loaded 154 Multisells.
2025.08.31 18:57:18,715	INFO	1	org.l2jmobius.gameserver.GameServer	----------------------------------------------=[ Clan Halls ]
2025.08.31 18:57:18,716	INFO	1	org.l2jmobius.gameserver.data.sql.ClanHallTable	Initializing ClanHallManager
2025.08.31 18:57:18,745	INFO	1	org.l2jmobius.gameserver.data.sql.ClanHallTable	Loaded: 0 clan halls
2025.08.31 18:57:18,745	INFO	1	org.l2jmobius.gameserver.data.sql.ClanHallTable	Loaded: 44 free clan halls
2025.08.31 18:57:18,748	INFO	1	org.l2jmobius.gameserver.model.siege.clanhalls.FortressOfResistance	Fortress of Resistanse: siege will start the 2025/09/05 21:00
2025.08.31 18:57:18,750	INFO	1	org.l2jmobius.gameserver.model.siege.clanhalls.DevastatedCastle	Devastated Castle: siege will start the 2025/09/01 18:00
2025.08.31 18:57:18,753	INFO	1	org.l2jmobius.gameserver.model.siege.clanhalls.BanditStrongholdSiege	SiegeManager of Bandits Stronghold
2025.08.31 18:57:18,755	INFO	1	org.l2jmobius.gameserver.instancemanager.AuctionManager	Initializing AuctionManager
2025.08.31 18:57:18,764	INFO	1	org.l2jmobius.gameserver.instancemanager.AuctionManager	Loaded: 38 auction(s)
2025.08.31 18:57:18,765	INFO	1	org.l2jmobius.gameserver.GameServer	----------------------------------------------------=[ Zone ]
2025.08.31 18:57:18,774	INFO	1	org.l2jmobius.gameserver.data.xml.ZoneData	ZoneData: Loading zones...
2025.08.31 18:57:18,848	INFO	1	org.l2jmobius.gameserver.instancemanager.GrandBossManager	GrandBossManager: Loaded 15 Instances
2025.08.31 18:57:19,008	INFO	1	org.l2jmobius.gameserver.instancemanager.CastleManager	Initializing CastleManager
2025.08.31 18:57:19,018	INFO	1	org.l2jmobius.gameserver.instancemanager.CastleManager	Loaded: 9 castles
2025.08.31 18:57:20,186	INFO	1	org.l2jmobius.gameserver.instancemanager.FortManager	Initializing FortManager
2025.08.31 18:57:20,200	INFO	1	org.l2jmobius.gameserver.instancemanager.FortManager	Loaded: 21 fortress
2025.08.31 18:57:22,673	INFO	1	org.l2jmobius.gameserver.data.xml.ZoneData	ZoneData: Loaded 22 zones classes and total 1002 zones.
2025.08.31 18:57:22,673	INFO	1	org.l2jmobius.gameserver.GameServer	-----------------------------------------------=[ Spawnlist ]
2025.08.31 18:57:22,710	INFO	1	org.l2jmobius.gameserver.data.sql.FakePlayerTable	FakePlayerTable: loaded 0 NPC to PC polymorphs.
2025.08.31 18:57:22,727	INFO	1	FenceData	FenceData: Loaded 1 Fences.
2025.08.31 18:57:22,883	INFO	1	org.l2jmobius.gameserver.model.siege.Siege	Siege of Dion: Sat Sep 13 20:00:00 BRT 2025
2025.08.31 18:57:22,948	INFO	1	org.l2jmobius.gameserver.model.siege.Siege	Siege of Oren: Sun Sep 07 16:00:00 BRT 2025
2025.08.31 18:57:23,336	INFO	1	org.l2jmobius.gameserver.model.siege.Siege	Siege of Gludio: Sat Sep 13 20:00:00 BRT 2025
2025.08.31 18:57:23,339	INFO	1	org.l2jmobius.gameserver.model.siege.Siege	Siege of Giran: Sun Sep 07 16:00:00 BRT 2025
2025.08.31 18:57:23,339	INFO	1	org.l2jmobius.gameserver.model.siege.Siege	Siege of Innadril: Sun Sep 07 16:00:00 BRT 2025
2025.08.31 18:57:23,340	INFO	1	org.l2jmobius.gameserver.model.siege.Siege	Siege of Aden: Sat Sep 13 20:00:00 BRT 2025
2025.08.31 18:57:23,377	INFO	1	org.l2jmobius.gameserver.model.siege.Siege	Siege of Goddard: Sun Sep 07 16:00:00 BRT 2025
2025.08.31 18:57:23,399	INFO	1	org.l2jmobius.gameserver.model.siege.Siege	Siege of Rune: Sat Sep 13 20:00:00 BRT 2025
2025.08.31 18:57:23,399	INFO	1	org.l2jmobius.gameserver.model.siege.Siege	Siege of Schuttgart: Sat Sep 13 20:00:00 BRT 2025
2025.08.31 18:57:23,589	INFO	1	org.l2jmobius.gameserver.data.sql.SpawnTable	SpawnTable: Loaded 37497 Npc Spawn Locations. 
2025.08.31 18:57:23,589	INFO	1	org.l2jmobius.gameserver.data.sql.SpawnTable	SpawnTable: Total number of NPCs in the world: 37497
2025.08.31 18:57:23,600	INFO	1	org.l2jmobius.gameserver.data.sql.SpawnTable	CustomSpawnTable: Loaded 125 Npc Spawn Locations. 
2025.08.31 18:57:23,600	INFO	1	org.l2jmobius.gameserver.data.sql.SpawnTable	CustomSpawnTable: Total number of NPCs in the world: 125
2025.08.31 18:57:23,618	INFO	1	org.l2jmobius.gameserver.instancemanager.RaidBossSpawnManager	RaidBossSpawnManager: Loaded 186 instances.
2025.08.31 18:57:23,618	INFO	1	org.l2jmobius.gameserver.instancemanager.RaidBossSpawnManager	RaidBossSpawnManager: Scheduled 0 instances.
2025.08.31 18:57:23,620	INFO	1	org.l2jmobius.gameserver.instancemanager.DayNightSpawnManager	DayNightSpawnManager: Removed 0 night creatures
2025.08.31 18:57:23,623	INFO	1	org.l2jmobius.gameserver.instancemanager.DayNightSpawnManager	DayNightSpawnManager: Spawned 232 day creatures
2025.08.31 18:57:23,674	INFO	1	org.l2jmobius.gameserver.GameServer	----------------------------------------=[ Dimensional Rift ]
2025.08.31 18:57:23,677	INFO	1	org.l2jmobius.gameserver.instancemanager.DimensionalRiftManager	DimensionalRiftManager: Loaded 7 room types with 56 rooms.
2025.08.31 18:57:23,681	INFO	1	org.l2jmobius.gameserver.instancemanager.DimensionalRiftManager	DimensionalRiftManager: Loaded 462 dimensional rift spawns.
2025.08.31 18:57:23,681	INFO	1	org.l2jmobius.gameserver.GameServer	----------------------------------------------------=[ Misc ]
2025.08.31 18:57:23,731	INFO	1	org.l2jmobius.gameserver.data.xml.RecipeData	RecipeData: Loaded 871 recipes.
2025.08.31 18:57:23,749	INFO	1	org.l2jmobius.gameserver.data.xml.QuestData	QuestData: Loaded 343 quests.
2025.08.31 18:57:23,751	INFO	1	org.l2jmobius.gameserver.data.xml.AugmentationData	Initializing AugmentationData.
2025.08.31 18:57:23,767	INFO	1	org.l2jmobius.gameserver.data.xml.AugmentationData	AugmentationData: Loaded 52 augmentation stats.
2025.08.31 18:57:23,770	INFO	1	org.l2jmobius.gameserver.instancemanager.games.MonsterRace	MonsterRace: loaded 610 records, currently on race #611
2025.08.31 18:57:23,774	INFO	1	org.l2jmobius.gameserver.instancemanager.MercTicketManager	Initializing MercTicketManager
2025.08.31 18:57:23,775	INFO	1	org.l2jmobius.gameserver.instancemanager.MercTicketManager	Loaded: 0 Mercenary Tickets
2025.08.31 18:57:23,777	INFO	1	org.l2jmobius.gameserver.instancemanager.CursedWeaponsManager	Initializing CursedWeaponsManager.
2025.08.31 18:57:23,780	INFO	1	org.l2jmobius.gameserver.instancemanager.CursedWeaponsManager	Loaded: 2 cursed weapon(s).
2025.08.31 18:57:23,791	INFO	1	org.l2jmobius.gameserver.GameServer	---------------------------------------------------=[ Manor ]
2025.08.31 18:57:23,799	INFO	1	org.l2jmobius.gameserver.data.xml.ManorSeedData	ManorSeedData: Loaded 256 seeds.
2025.08.31 18:57:23,803	INFO	1	org.l2jmobius.gameserver.GameServer	-------------------------------------------------=[ Castles ]
2025.08.31 18:57:23,804	INFO	1	org.l2jmobius.gameserver.instancemanager.SiegeManager	Initializing SiegeManager
2025.08.31 18:57:23,805	INFO	1	org.l2jmobius.gameserver.instancemanager.FortSiegeManager	Initializing FortSiegeManager
2025.08.31 18:57:23,807	INFO	1	org.l2jmobius.gameserver.GameServer	----------------------------------------------------=[ Boat ]
2025.08.31 18:57:23,815	INFO	1	org.l2jmobius.gameserver.data.xml.BoatData	BoatData: Loaded 5 boats.
2025.08.31 18:57:23,815	INFO	1	org.l2jmobius.gameserver.data.xml.BoatData	BoatData: Loaded 9 paths.
2025.08.31 18:57:23,815	INFO	1	org.l2jmobius.gameserver.GameServer	---------------------------------------------------=[ Doors ]
2025.08.31 18:57:23,882	INFO	1	org.l2jmobius.gameserver.data.xml.DoorData	DoorData: Loaded 1001 doors.
2025.08.31 18:57:23,882	INFO	1	org.l2jmobius.gameserver.GameServer	-----------------------------------------=[ Four Sepulchers ]
2025.08.31 18:57:23,884	INFO	1	org.l2jmobius.gameserver.instancemanager.GrandBossManager	GrandBossManager: Loaded 15 Instances
2025.08.31 18:57:23,907	INFO	1	org.l2jmobius.gameserver.instancemanager.GrandBossManager	FourSepulchersManager: Beginning in Entry time
2025.08.31 18:57:23,907	INFO	1	org.l2jmobius.gameserver.GameServer	---------------------------------------------=[ Seven Signs ]
2025.08.31 18:57:23,910	INFO	1	org.l2jmobius.gameserver.model.sevensigns.SevenSigns	SevenSigns: Currently in the Seal Validation period!
2025.08.31 18:57:23,910	INFO	1	org.l2jmobius.gameserver.model.sevensigns.SevenSigns	SevenSigns: The Seal of Avareza remains unclaimed.
2025.08.31 18:57:23,910	INFO	1	org.l2jmobius.gameserver.model.sevensigns.SevenSigns	SevenSigns: The Seal of Gnose remains unclaimed.
2025.08.31 18:57:23,910	INFO	1	org.l2jmobius.gameserver.model.sevensigns.SevenSigns	SevenSigns: The Seal of Conflito remains unclaimed.
2025.08.31 18:57:23,910	INFO	1	org.l2jmobius.gameserver.model.sevensigns.SevenSigns	SevenSigns: The competition ended with a tie last week.
2025.08.31 18:57:23,911	INFO	1	org.l2jmobius.gameserver.model.sevensigns.SevenSigns	SevenSigns: Next period in 0 days, 23 hours and 2 mins.
2025.08.31 18:57:23,938	INFO	1	org.l2jmobius.gameserver.model.sevensigns.SevenSignsFestival	SevenSignsFestival: Initialization bypassed due to Seal Validation in effect.
2025.08.31 18:57:23,938	INFO	1	org.l2jmobius.gameserver.GameServer	-----------------------------------------=[ Olympiad System ]
2025.08.31 18:57:23,939	INFO	1	org.l2jmobius.gameserver.model.olympiad.Olympiad	Olympiad System: Loading Olympiad System....
2025.08.31 18:57:23,939	INFO	1	org.l2jmobius.gameserver.model.olympiad.Olympiad	Olympiad System: Currently in Olympiad Period
2025.08.31 18:57:23,939	INFO	1	org.l2jmobius.gameserver.model.olympiad.Olympiad	Olympiad System: 1022 minutes until period ends
2025.08.31 18:57:23,939	INFO	1	org.l2jmobius.gameserver.model.olympiad.Olympiad	Olympiad System: Next weekly change is in 8412 minutes
2025.08.31 18:57:23,939	INFO	1	org.l2jmobius.gameserver.model.olympiad.Olympiad	Olympiad System: Loaded 0 Nobles
2025.08.31 18:57:23,940	INFO	1	org.l2jmobius.gameserver.model.olympiad.Olympiad	Olympiad System: Competition Period Starts in 0 days, 0 hours and 0 mins.
2025.08.31 18:57:23,940	INFO	1	org.l2jmobius.gameserver.model.olympiad.Olympiad	Olympiad System: Event starts/started : Sun Aug 31 18:00:23 BRT 2025
2025.08.31 18:57:23,942	INFO	1	org.l2jmobius.gameserver.model.olympiad.Hero	Hero System: Loaded 0 Heroes.
2025.08.31 18:57:23,942	INFO	1	org.l2jmobius.gameserver.model.olympiad.Hero	Hero System: Loaded 0 all time Heroes.
2025.08.31 18:57:23,942	INFO	1	org.l2jmobius.gameserver.GameServer	-------------------------------------------=[ Access Levels ]
2025.08.31 18:57:23,946	INFO	1	org.l2jmobius.gameserver.data.xml.AdminData	AdminData: Loaded 7 access levels.
2025.08.31 18:57:23,952	INFO	1	org.l2jmobius.gameserver.data.xml.AdminData	AdminData: Loaded 360 access commands.
2025.08.31 18:57:23,952	INFO	1	org.l2jmobius.gameserver.GameServer	------------------------------------------------=[ Handlers ]
2025.08.31 18:57:23,952	INFO	72	org.l2jmobius.gameserver.model.olympiad.Olympiad	Olympiad System: Olympiad Game Started
2025.08.31 18:57:23,971	INFO	1	org.l2jmobius.gameserver.handler.ItemHandler	ItemHandler: Loaded 2057 handlers.
2025.08.31 18:57:23,984	INFO	1	org.l2jmobius.gameserver.handler.SkillHandler	SkillHandler: Loaded 76 handlers.
2025.08.31 18:57:24,015	INFO	1	org.l2jmobius.gameserver.handler.AdminCommandHandler	AdminCommandHandler: Loaded 365 handlers.
2025.08.31 18:57:24,020	INFO	1	org.l2jmobius.gameserver.handler.UserCommandHandler	UserCommandHandler: Loaded 15 handlers.
2025.08.31 18:57:24,024	INFO	1	org.l2jmobius.gameserver.handler.VoicedCommandHandler	VoicedCommandHandler: Loaded 10 handlers.
2025.08.31 18:57:24,024	INFO	1	org.l2jmobius.gameserver.GameServer	AutoChatHandler: Loaded 32 handlers in total.
2025.08.31 18:57:24,024	INFO	1	org.l2jmobius.gameserver.GameServer	AutoSpawnHandler: Loaded 129 handlers in total.
2025.08.31 18:57:24,025	INFO	1	org.l2jmobius.gameserver.GameServer	-------------------------------------------------=[ Scripts ]
2025.08.31 18:57:24,025	INFO	1	org.l2jmobius.gameserver.GameServer	ScriptEngineManager: Loading server scripts:
2025.08.31 18:57:31,390	INFO	1	org.l2jmobius.gameserver.instancemanager.GrandBossManager	Updated Alta Sacerdotisa van Halter(29062) status to 1
2025.08.31 18:57:31,439	INFO	1	org.l2jmobius.gameserver.model.quest.Quest	Event L2 Day has passed... Ignored 
2025.08.31 18:57:31,643	INFO	1	org.l2jmobius.gameserver.GameServer	----------------------------------------------=[ My Scripts ]
2025.08.31 18:57:31,644	INFO	1	org.l2jmobius.gameserver.auction.AuctionTable	Loaded 0 Auction items.
2025.08.31 18:57:31,652	INFO	1	org.l2jmobius.gameserver.donation.DonationManager	Loaded {13} donations.
2025.08.31 18:57:31,655	INFO	1	org.l2jmobius.gameserver.instancemanager.BuffShopManager	BuffShop: Attempting to restore buffshops...
2025.08.31 18:57:31,656	INFO	1	org.l2jmobius.gameserver.instancemanager.BuffShopManager	BuffShop: Loaded: 0 offline shop(s).
2025.08.31 18:57:31,656	INFO	1	org.l2jmobius.gameserver.GameServer	--------------------------------------------------=[ Quests ]
2025.08.31 18:57:31,656	INFO	1	org.l2jmobius.gameserver.instancemanager.QuestManager	Loaded: 343 quest scripts.
2025.08.31 18:57:31,656	INFO	1	org.l2jmobius.gameserver.GameServer	---------------------------------------------=[ Game Server ]
2025.08.31 18:57:31,656	INFO	1	org.l2jmobius.gameserver.GameServer	IdFactory: Free ObjectID's remaining: 1879005890
2025.08.31 18:57:31,657	INFO	1	org.l2jmobius.gameserver.instancemanager.CoupleManager	Initializing CoupleManager
2025.08.31 18:57:31,657	INFO	1	org.l2jmobius.gameserver.instancemanager.CoupleManager	Loaded: 0 couples(s)
2025.08.31 18:57:31,659	INFO	1	org.l2jmobius.gameserver.data.sql.OfflineTraderTable	OfflineTraderTable: Loading offline traders...
2025.08.31 18:57:31,660	INFO	1	org.l2jmobius.gameserver.data.sql.OfflineTraderTable	OfflineTraderTable: Loaded 0 offline traders.
2025.08.31 18:57:31,660	INFO	1	org.l2jmobius.gameserver.GameServer	----------------------------------------------=[ Protection ]
2025.08.31 18:57:31,660	INFO	1	org.l2jmobius.gameserver.GameServer	Check skills on enter actived.
2025.08.31 18:57:31,660	INFO	1	org.l2jmobius.gameserver.GameServer	Check bad name on enter actived.
2025.08.31 18:57:31,660	INFO	1	org.l2jmobius.gameserver.GameServer	Check OverEnchant items on enter actived.
2025.08.31 18:57:31,660	INFO	1	org.l2jmobius.gameserver.GameServer	Bypass Validation actived.
2025.08.31 18:57:31,661	INFO	1	org.l2jmobius.gameserver.GameServer	--------------------------------------------------=[ Status ]
2025.08.31 18:57:31,875	INFO	1	org.l2jmobius.gameserver.GameServer	GameServer: Started, using 1044 of 6128 MB total memory.
2025.08.31 18:57:31,876	INFO	1	org.l2jmobius.gameserver.GameServer	GameServer: Maximum number of connected players is 2000.
2025.08.31 18:57:31,876	INFO	1	org.l2jmobius.gameserver.GameServer	GameServer: Server loaded in 16 seconds.
2025.08.31 18:57:31,887	INFO	109	org.l2jmobius.commons.network.NetServer	GameServer: Listening on port 7777 for incoming connections.
2025.08.31 18:57:31,890	INFO	110	org.l2jmobius.gameserver.LoginServerThread	LoginServerThread: Connecting to login on 127.0.0.1:9014
2025.08.31 18:57:31,918	INFO	110	org.l2jmobius.gameserver.LoginServerThread	LoginServerThread: Registered on login as Server 1: Bartz
2025.08.31 18:57:53,655	WARNING	113	org.l2jmobius.gameserver.model.actor.Creature	Access level 100 set for character Dean! Just a warning ;)
2025.08.31 18:59:42,880	WARNING	113	org.l2jmobius.gameserver.model.actor.Creature	Access level 100 set for character Dean! Just a warning ;)
2025.08.31 19:03:40,392	WARNING	24	org.l2jmobius.gameserver.Shutdown	Server issued shutdown command. SIGTERM in 1 seconds!
2025.08.31 19:03:41,394	WARNING	114	org.l2jmobius.gameserver.Shutdown	GM shutdown countdown is over. desligado NOW!
2025.08.31 19:03:41,394	INFO	114	org.l2jmobius.gameserver.Shutdown	GM shutdown received. Shutting down NOW!
2025.08.31 19:03:41,394	INFO	114	org.l2jmobius.gameserver.instancemanager.BuffShopManager	BuffShop: Attempting to save buffshops...
2025.08.31 19:03:41,394	INFO	114	org.l2jmobius.gameserver.instancemanager.BuffShopManager	BuffShop: Offline shops stored.
2025.08.31 19:03:41,395	INFO	114	org.l2jmobius.gameserver.Shutdown	Disconnecting all players from the Server...
2025.08.31 19:03:41,396	INFO	114	org.l2jmobius.gameserver.Shutdown	Saving all players data...
2025.08.31 19:03:41,397	INFO	114	org.l2jmobius.gameserver.Shutdown	SevenSigns: All info saved!!
2025.08.31 19:03:41,412	INFO	114	org.l2jmobius.gameserver.Shutdown	RaidBossSpawnManager: All raidboss info saved!!
2025.08.31 19:03:41,414	INFO	114	org.l2jmobius.gameserver.Shutdown	GrandBossManager: All Grand Boss info saved!!
2025.08.31 19:03:41,414	INFO	114	org.l2jmobius.gameserver.Shutdown	Clan System: Data saved!!
2025.08.31 19:03:41,414	INFO	114	org.l2jmobius.gameserver.Shutdown	TradeController: All count Item Saved!!
2025.08.31 19:03:41,415	INFO	114	org.l2jmobius.gameserver.Shutdown	Olympiad System: Data saved!!
2025.08.31 19:03:41,416	INFO	114	org.l2jmobius.gameserver.Shutdown	Fishing Championship data have been saved!!
2025.08.31 19:03:41,418	INFO	114	org.l2jmobius.gameserver.Shutdown	BufferTable data has been saved!!
2025.08.31 19:03:41,425	INFO	114	org.l2jmobius.gameserver.instancemanager.GlobalVariablesManager	GlobalVariablesManager: Stored 2 variables.
2025.08.31 19:03:41,425	INFO	114	org.l2jmobius.gameserver.Shutdown	Global Variables Manager: Variables have been saved!!
2025.08.31 19:03:46,430	INFO	114	org.l2jmobius.gameserver.Shutdown	Game Time Task Manager thread has been shutdown.
2025.08.31 19:03:46,430	INFO	114	org.l2jmobius.commons.threads.ThreadPool	ThreadPool: Shutting down.
2025.08.31 19:03:46,433	INFO	114	org.l2jmobius.gameserver.Shutdown	Committing all data, last chance...
2025.08.31 19:03:46,454	INFO	114	org.l2jmobius.gameserver.Shutdown	All database data committed.
2025.08.31 19:03:46,459	INFO	114	org.l2jmobius.gameserver.Shutdown	[STATUS] Server shutdown successfully.
