2025.08.31 14:14:23,989	INFO	1	org.l2jmobius.commons.util.IXmlReader	Network Config: ipconfig.xml exists using manual configuration...
2025.08.31 14:14:24,093	INFO	1	org.l2jmobius.gameserver.GameServer	------------------------------------------------=[ Database ]
2025.08.31 14:14:24,265	INFO	1	org.l2jmobius.commons.database.DatabaseFactory	Database: Initialized.
2025.08.31 14:14:24,265	INFO	1	org.l2jmobius.gameserver.GameServer	----------------------------------------------=[ ThreadPool ]
2025.08.31 14:14:24,267	INFO	1	org.l2jmobius.commons.threads.ThreadPool	ThreadPool: Initialized
2025.08.31 14:14:24,272	INFO	1	org.l2jmobius.commons.threads.ThreadPool	...scheduled pool executor with 48 total threads.
2025.08.31 14:14:24,272	INFO	1	org.l2jmobius.commons.threads.ThreadPool	...instant pool executor with 24 total threads.
2025.08.31 14:14:24,274	INFO	1	org.l2jmobius.gameserver.GameServer	-----------------------------------------------=[ IdManager ]
2025.08.31 14:14:24,275	INFO	1	org.l2jmobius.gameserver.instancemanager.IdManager	Updated characters online status.
2025.08.31 14:14:24,279	INFO	1	org.l2jmobius.gameserver.instancemanager.IdManager	IdManager: Cleaned 0 elements from database in 0 seconds.
2025.08.31 14:14:24,283	INFO	1	org.l2jmobius.gameserver.instancemanager.IdManager	IdManager: Cleaned 0 expired timestamps from database.
2025.08.31 14:14:24,286	INFO	1	org.l2jmobius.gameserver.instancemanager.IdManager	IdManager: 102912 id's available.
2025.08.31 14:14:24,287	INFO	1	org.l2jmobius.gameserver.cache.HtmCache	Cache[HTML]: Running lazy cache
2025.08.31 14:14:24,290	INFO	1	org.l2jmobius.gameserver.data.sql.ClanTable	Restored 0 clans from the database.
2025.08.31 14:14:24,291	INFO	1	org.l2jmobius.gameserver.data.sql.CrestTable	CrestTable: Loaded 0 Crests.
2025.08.31 14:14:24,357	INFO	1	org.l2jmobius.gameserver.scripting.ScriptEngineManager	Loaded 1 files to exclude.
2025.08.31 14:14:24,357	INFO	1	org.l2jmobius.gameserver.GameServer	---------------------------------------------------=[ World ]
2025.08.31 14:14:24,359	INFO	1	org.l2jmobius.gameserver.model.World	World: Setting up World Regions
2025.08.31 14:14:24,388	INFO	1	org.l2jmobius.gameserver.model.World	World: (176x256) World Region Grid set up.
2025.08.31 14:14:24,411	INFO	1	org.l2jmobius.gameserver.instancemanager.GlobalVariablesManager	GlobalVariablesManager: Loaded 2 variables.
2025.08.31 14:14:24,422	INFO	1	org.l2jmobius.commons.util.IXmlReader	StaticObjectData: Loaded 29 static objects.
2025.08.31 14:14:24,428	INFO	1	org.l2jmobius.gameserver.data.sql.TeleportLocationTable	TeleportLocationTable: Loaded 828 Teleport Location Templates
2025.08.31 14:14:24,435	INFO	1	org.l2jmobius.gameserver.data.xml.ExperienceData	ExperienceData: Loaded 87 levels
2025.08.31 14:14:24,435	INFO	1	org.l2jmobius.gameserver.data.xml.ExperienceData	ExperienceData: Max Player Level is: 80
2025.08.31 14:14:24,435	INFO	1	org.l2jmobius.gameserver.data.xml.ExperienceData	ExperienceData: Max Pet Level is: 80
2025.08.31 14:14:24,436	INFO	1	org.l2jmobius.gameserver.instancemanager.DuelManager	Initializing DuelManager
2025.08.31 14:14:24,436	INFO	1	org.l2jmobius.gameserver.GameServer	-------------------------------------------------=[ Players ]
2025.08.31 14:14:24,475	INFO	1	org.l2jmobius.commons.util.IXmlReader	PlayerTemplateData: Loaded 89 player templates.
2025.08.31 14:14:24,479	INFO	1	org.l2jmobius.gameserver.communitybbs.Manager.BaseBBSManager	Loaded 5 forums. Last forum id used: 5
2025.08.31 14:14:24,479	INFO	1	org.l2jmobius.gameserver.GameServer	--------------------------------------------------=[ Skills ]
2025.08.31 14:14:24,590	INFO	1	org.l2jmobius.gameserver.data.sql.SkillTreeTable	SkillTreeTable: Loaded 13851 skills.
2025.08.31 14:14:24,616	INFO	1	org.l2jmobius.gameserver.data.sql.SkillTreeTable	FishingSkillTreeTable: Loaded 109 general skills.
2025.08.31 14:14:24,616	INFO	1	org.l2jmobius.gameserver.data.sql.SkillTreeTable	FishingSkillTreeTable: Loaded 8 dwarven skills.
2025.08.31 14:14:24,616	INFO	1	org.l2jmobius.gameserver.data.sql.SkillTreeTable	EnchantSkillTreeTable: Loaded 14520 enchant skills.
2025.08.31 14:14:24,617	INFO	1	org.l2jmobius.gameserver.data.sql.SkillTreeTable	PledgeSkillTreeTable: Loaded 64 pledge skills.
2025.08.31 14:14:25,129	INFO	1	org.l2jmobius.gameserver.data.SkillTable	SkillsEngine: Loaded 30526 skill templates.
2025.08.31 14:14:25,130	INFO	1	org.l2jmobius.gameserver.data.sql.SkillSpellbookTable	SkillSpellbookTable: Loaded 334 spellbooks
2025.08.31 14:14:25,132	INFO	1	org.l2jmobius.gameserver.data.sql.HelperBuffTable	HelperBuffTable: Loaded 14 templates.
2025.08.31 14:14:25,132	INFO	1	org.l2jmobius.gameserver.GameServer	Skills: All skills loaded.
2025.08.31 14:14:25,132	INFO	1	org.l2jmobius.gameserver.GameServer	---------------------------------------------------=[ Items ]
2025.08.31 14:14:25,401	INFO	1	org.l2jmobius.gameserver.data.ItemTable	Highest item id used: 9991
2025.08.31 14:14:25,408	INFO	1	org.l2jmobius.gameserver.data.xml.ArmorSetData	ArmorSetData: Loaded 54 armor sets.
2025.08.31 14:14:25,439	INFO	1	org.l2jmobius.commons.util.IXmlReader	ExtractableItemData: Extractable with id 9514 has was more than 100% total chance!
2025.08.31 14:14:25,439	INFO	1	org.l2jmobius.commons.util.IXmlReader	ExtractableItemData: Loaded 335 extractable items.
2025.08.31 14:14:25,442	INFO	1	org.l2jmobius.commons.util.IXmlReader	SummonItemData: Loaded 14 summon items.
2025.08.31 14:14:25,448	INFO	1	org.l2jmobius.commons.util.IXmlReader	HennaData: Loaded 180 hennas.
2025.08.31 14:14:25,455	INFO	1	org.l2jmobius.commons.util.IXmlReader	FishData: Loaded 270 fish.
2025.08.31 14:14:25,455	INFO	1	org.l2jmobius.gameserver.GameServer	-----------------------------------------------------=[ Npc ]
2025.08.31 14:14:25,459	INFO	1	org.l2jmobius.gameserver.data.SchemeBufferTable	SchemeBufferTable: Loaded 0 players schemes and 60 available buffs.
2025.08.31 14:14:25,464	INFO	1	org.l2jmobius.gameserver.data.xml.WalkerRouteData	WalkerRouteData: Loaded 12 walker routes.
2025.08.31 14:14:25,564	INFO	1	org.l2jmobius.gameserver.data.sql.NpcTable	NpcTable: Loaded 6594 Npc Templates.
2025.08.31 14:14:25,565	INFO	1	org.l2jmobius.gameserver.data.sql.NpcTable	NpcTable: Loaded 6615 Npc Templates.
2025.08.31 14:14:25,581	INFO	1	org.l2jmobius.gameserver.data.sql.NpcTable	CustomDropList : Added 92 custom droplist
2025.08.31 14:14:25,617	INFO	1	org.l2jmobius.gameserver.data.sql.NpcTable	NpcTable: Loaded 451 Minions.
2025.08.31 14:14:25,618	INFO	1	org.l2jmobius.gameserver.GameServer	-------------------------------------------------=[ Geodata ]
2025.08.31 14:14:26,311	INFO	1	org.l2jmobius.gameserver.geoengine.GeoEngine	GeoEngine: Loaded 163 regions.
2025.08.31 14:14:26,311	INFO	1	org.l2jmobius.gameserver.GameServer	-------------------------------------------------=[ Economy ]
2025.08.31 14:14:26,424	INFO	1	org.l2jmobius.gameserver.instancemanager.TradeManager	TradeController: Loaded 508 Buylists.
2025.08.31 14:14:26,424	INFO	1	org.l2jmobius.gameserver.instancemanager.TradeManager	TradeController: Loaded 132 Limited Buylists.
2025.08.31 14:14:26,427	INFO	1	org.l2jmobius.gameserver.instancemanager.TradeManager	TradeController: Loaded 2 Custom Buylists.
2025.08.31 14:14:26,537	INFO	1	org.l2jmobius.gameserver.data.xml.MultisellData	Multisell: Loaded 154 Multisells.
2025.08.31 14:14:26,537	INFO	1	org.l2jmobius.gameserver.GameServer	----------------------------------------------=[ Clan Halls ]
2025.08.31 14:14:26,538	INFO	1	org.l2jmobius.gameserver.data.sql.ClanHallTable	Initializing ClanHallManager
2025.08.31 14:14:26,564	INFO	1	org.l2jmobius.gameserver.data.sql.ClanHallTable	Loaded: 0 clan halls
2025.08.31 14:14:26,564	INFO	1	org.l2jmobius.gameserver.data.sql.ClanHallTable	Loaded: 44 free clan halls
2025.08.31 14:14:26,566	INFO	1	org.l2jmobius.gameserver.model.siege.clanhalls.FortressOfResistance	Fortress of Resistanse: siege will start the 2025/09/05 21:00
2025.08.31 14:14:26,567	INFO	1	org.l2jmobius.gameserver.model.siege.clanhalls.DevastatedCastle	Devastated Castle: siege will start the 2025/09/01 18:00
2025.08.31 14:14:26,570	INFO	1	org.l2jmobius.gameserver.model.siege.clanhalls.BanditStrongholdSiege	SiegeManager of Bandits Stronghold
2025.08.31 14:14:26,571	INFO	1	org.l2jmobius.gameserver.instancemanager.AuctionManager	Initializing AuctionManager
2025.08.31 14:14:26,579	INFO	1	org.l2jmobius.gameserver.instancemanager.AuctionManager	Loaded: 38 auction(s)
2025.08.31 14:14:26,579	INFO	1	org.l2jmobius.gameserver.GameServer	----------------------------------------------------=[ Zone ]
2025.08.31 14:14:26,588	INFO	1	org.l2jmobius.gameserver.data.xml.ZoneData	ZoneData: Loading zones...
2025.08.31 14:14:26,659	INFO	1	org.l2jmobius.gameserver.instancemanager.GrandBossManager	GrandBossManager: Loaded 15 Instances
2025.08.31 14:14:26,806	INFO	1	org.l2jmobius.gameserver.instancemanager.CastleManager	Initializing CastleManager
2025.08.31 14:14:26,815	INFO	1	org.l2jmobius.gameserver.instancemanager.CastleManager	Loaded: 9 castles
2025.08.31 14:14:28,451	INFO	1	org.l2jmobius.gameserver.instancemanager.FortManager	Initializing FortManager
2025.08.31 14:14:28,463	INFO	1	org.l2jmobius.gameserver.instancemanager.FortManager	Loaded: 21 fortress
2025.08.31 14:14:30,886	INFO	1	org.l2jmobius.gameserver.data.xml.ZoneData	ZoneData: Loaded 22 zones classes and total 1002 zones.
2025.08.31 14:14:30,886	INFO	1	org.l2jmobius.gameserver.GameServer	-----------------------------------------------=[ Spawnlist ]
2025.08.31 14:14:30,912	INFO	1	org.l2jmobius.gameserver.data.sql.FakePlayerTable	FakePlayerTable: loaded 0 NPC to PC polymorphs.
2025.08.31 14:14:30,928	INFO	1	FenceData	FenceData: Loaded 1 Fences.
2025.08.31 14:14:31,063	INFO	1	org.l2jmobius.gameserver.model.siege.Siege	Siege of Dion: Sat Sep 13 20:00:00 BRT 2025
2025.08.31 14:14:31,113	INFO	1	org.l2jmobius.gameserver.model.siege.Siege	Siege of Oren: Sun Sep 07 16:00:00 BRT 2025
2025.08.31 14:14:31,413	INFO	1	org.l2jmobius.gameserver.model.siege.Siege	Siege of Gludio: Sat Sep 13 20:00:00 BRT 2025
2025.08.31 14:14:31,415	INFO	1	org.l2jmobius.gameserver.model.siege.Siege	Siege of Giran: Sun Sep 07 16:00:00 BRT 2025
2025.08.31 14:14:31,416	INFO	1	org.l2jmobius.gameserver.model.siege.Siege	Siege of Innadril: Sun Sep 07 16:00:00 BRT 2025
2025.08.31 14:14:31,416	INFO	1	org.l2jmobius.gameserver.model.siege.Siege	Siege of Aden: Sat Sep 13 20:00:00 BRT 2025
2025.08.31 14:14:31,519	INFO	1	org.l2jmobius.gameserver.model.siege.Siege	Siege of Goddard: Sun Sep 07 16:00:00 BRT 2025
2025.08.31 14:14:31,538	INFO	1	org.l2jmobius.gameserver.model.siege.Siege	Siege of Rune: Sat Sep 13 20:00:00 BRT 2025
2025.08.31 14:14:31,539	INFO	1	org.l2jmobius.gameserver.model.siege.Siege	Siege of Schuttgart: Sat Sep 13 20:00:00 BRT 2025
2025.08.31 14:14:31,622	INFO	1	org.l2jmobius.gameserver.data.sql.SpawnTable	SpawnTable: Loaded 37497 Npc Spawn Locations. 
2025.08.31 14:14:31,623	INFO	1	org.l2jmobius.gameserver.data.sql.SpawnTable	SpawnTable: Total number of NPCs in the world: 37497
2025.08.31 14:14:31,631	INFO	1	org.l2jmobius.gameserver.data.sql.SpawnTable	CustomSpawnTable: Loaded 125 Npc Spawn Locations. 
2025.08.31 14:14:31,631	INFO	1	org.l2jmobius.gameserver.data.sql.SpawnTable	CustomSpawnTable: Total number of NPCs in the world: 125
2025.08.31 14:14:31,678	INFO	1	org.l2jmobius.gameserver.instancemanager.RaidBossSpawnManager	RaidBossSpawnManager: Loaded 186 instances.
2025.08.31 14:14:31,678	INFO	1	org.l2jmobius.gameserver.instancemanager.RaidBossSpawnManager	RaidBossSpawnManager: Scheduled 0 instances.
2025.08.31 14:14:31,680	INFO	1	org.l2jmobius.gameserver.instancemanager.DayNightSpawnManager	DayNightSpawnManager: Removed 0 night creatures
2025.08.31 14:14:31,683	INFO	1	org.l2jmobius.gameserver.instancemanager.DayNightSpawnManager	DayNightSpawnManager: Spawned 232 day creatures
2025.08.31 14:14:31,730	INFO	1	org.l2jmobius.gameserver.GameServer	----------------------------------------=[ Dimensional Rift ]
2025.08.31 14:14:31,732	INFO	1	org.l2jmobius.gameserver.instancemanager.DimensionalRiftManager	DimensionalRiftManager: Loaded 7 room types with 56 rooms.
2025.08.31 14:14:31,736	INFO	1	org.l2jmobius.gameserver.instancemanager.DimensionalRiftManager	DimensionalRiftManager: Loaded 462 dimensional rift spawns.
2025.08.31 14:14:31,736	INFO	1	org.l2jmobius.gameserver.GameServer	----------------------------------------------------=[ Misc ]
2025.08.31 14:14:31,786	INFO	1	org.l2jmobius.gameserver.data.xml.RecipeData	RecipeData: Loaded 871 recipes.
2025.08.31 14:14:31,801	INFO	1	org.l2jmobius.gameserver.data.xml.QuestData	QuestData: Loaded 343 quests.
2025.08.31 14:14:31,802	INFO	1	org.l2jmobius.gameserver.data.xml.AugmentationData	Initializing AugmentationData.
2025.08.31 14:14:31,815	INFO	1	org.l2jmobius.gameserver.data.xml.AugmentationData	AugmentationData: Loaded 52 augmentation stats.
2025.08.31 14:14:31,818	INFO	1	org.l2jmobius.gameserver.instancemanager.games.MonsterRace	MonsterRace: loaded 609 records, currently on race #610
2025.08.31 14:14:31,823	INFO	1	org.l2jmobius.gameserver.instancemanager.MercTicketManager	Initializing MercTicketManager
2025.08.31 14:14:31,823	INFO	1	org.l2jmobius.gameserver.instancemanager.MercTicketManager	Loaded: 0 Mercenary Tickets
2025.08.31 14:14:31,825	INFO	1	org.l2jmobius.gameserver.instancemanager.CursedWeaponsManager	Initializing CursedWeaponsManager.
2025.08.31 14:14:31,828	INFO	1	org.l2jmobius.gameserver.instancemanager.CursedWeaponsManager	Loaded: 2 cursed weapon(s).
2025.08.31 14:14:31,838	INFO	1	org.l2jmobius.gameserver.GameServer	---------------------------------------------------=[ Manor ]
2025.08.31 14:14:31,846	INFO	1	org.l2jmobius.gameserver.data.xml.ManorSeedData	ManorSeedData: Loaded 256 seeds.
2025.08.31 14:14:31,849	INFO	1	org.l2jmobius.gameserver.GameServer	-------------------------------------------------=[ Castles ]
2025.08.31 14:14:31,851	INFO	1	org.l2jmobius.gameserver.instancemanager.SiegeManager	Initializing SiegeManager
2025.08.31 14:14:31,852	INFO	1	org.l2jmobius.gameserver.instancemanager.FortSiegeManager	Initializing FortSiegeManager
2025.08.31 14:14:31,854	INFO	1	org.l2jmobius.gameserver.GameServer	----------------------------------------------------=[ Boat ]
2025.08.31 14:14:31,862	INFO	1	org.l2jmobius.gameserver.data.xml.BoatData	BoatData: Loaded 5 boats.
2025.08.31 14:14:31,862	INFO	1	org.l2jmobius.gameserver.data.xml.BoatData	BoatData: Loaded 9 paths.
2025.08.31 14:14:31,862	INFO	1	org.l2jmobius.gameserver.GameServer	---------------------------------------------------=[ Doors ]
2025.08.31 14:14:31,893	INFO	1	org.l2jmobius.gameserver.data.xml.DoorData	DoorData: Loaded 1001 doors.
2025.08.31 14:14:31,893	INFO	1	org.l2jmobius.gameserver.GameServer	-----------------------------------------=[ Four Sepulchers ]
2025.08.31 14:14:31,895	INFO	1	org.l2jmobius.gameserver.instancemanager.GrandBossManager	GrandBossManager: Loaded 15 Instances
2025.08.31 14:14:31,914	INFO	1	org.l2jmobius.gameserver.instancemanager.GrandBossManager	FourSepulchersManager: Beginning in Attack time
2025.08.31 14:14:31,914	INFO	1	org.l2jmobius.gameserver.GameServer	---------------------------------------------=[ Seven Signs ]
2025.08.31 14:14:31,916	INFO	1	org.l2jmobius.gameserver.model.sevensigns.SevenSigns	SevenSigns: Currently in the Seal Validation period!
2025.08.31 14:14:31,916	INFO	1	org.l2jmobius.gameserver.model.sevensigns.SevenSigns	SevenSigns: The Seal of Avareza remains unclaimed.
2025.08.31 14:14:31,916	INFO	1	org.l2jmobius.gameserver.model.sevensigns.SevenSigns	SevenSigns: The Seal of Gnose remains unclaimed.
2025.08.31 14:14:31,916	INFO	1	org.l2jmobius.gameserver.model.sevensigns.SevenSigns	SevenSigns: The Seal of Conflito remains unclaimed.
2025.08.31 14:14:31,917	INFO	1	org.l2jmobius.gameserver.model.sevensigns.SevenSigns	SevenSigns: The competition ended with a tie last week.
2025.08.31 14:14:31,917	INFO	1	org.l2jmobius.gameserver.model.sevensigns.SevenSigns	SevenSigns: Next period in 1 days, 3 hours and 45 mins.
2025.08.31 14:14:31,937	INFO	1	org.l2jmobius.gameserver.model.sevensigns.SevenSignsFestival	SevenSignsFestival: Initialization bypassed due to Seal Validation in effect.
2025.08.31 14:14:31,937	INFO	1	org.l2jmobius.gameserver.GameServer	-----------------------------------------=[ Olympiad System ]
2025.08.31 14:14:31,938	INFO	1	org.l2jmobius.gameserver.model.olympiad.Olympiad	Olympiad System: Loading Olympiad System....
2025.08.31 14:14:31,938	INFO	1	org.l2jmobius.gameserver.model.olympiad.Olympiad	Olympiad System: Currently in Olympiad Period
2025.08.31 14:14:31,939	INFO	1	org.l2jmobius.gameserver.model.olympiad.Olympiad	Olympiad System: 1305 minutes until period ends
2025.08.31 14:14:31,939	INFO	1	org.l2jmobius.gameserver.model.olympiad.Olympiad	Olympiad System: Next weekly change is in 8695 minutes
2025.08.31 14:14:31,939	INFO	1	org.l2jmobius.gameserver.model.olympiad.Olympiad	Olympiad System: Loaded 0 Nobles
2025.08.31 14:14:31,939	INFO	1	org.l2jmobius.gameserver.model.olympiad.Olympiad	Olympiad System: Competition Period Starts in 0 days, 3 hours and 46 mins.
2025.08.31 14:14:31,939	INFO	1	org.l2jmobius.gameserver.model.olympiad.Olympiad	Olympiad System: Event starts/started : Sun Aug 31 18:00:31 BRT 2025
2025.08.31 14:14:31,941	INFO	1	org.l2jmobius.gameserver.model.olympiad.Hero	Hero System: Loaded 0 Heroes.
2025.08.31 14:14:31,941	INFO	1	org.l2jmobius.gameserver.model.olympiad.Hero	Hero System: Loaded 0 all time Heroes.
2025.08.31 14:14:31,941	INFO	1	org.l2jmobius.gameserver.GameServer	-------------------------------------------=[ Access Levels ]
2025.08.31 14:14:31,945	INFO	1	org.l2jmobius.gameserver.data.xml.AdminData	AdminData: Loaded 7 access levels.
2025.08.31 14:14:31,949	INFO	1	org.l2jmobius.gameserver.data.xml.AdminData	AdminData: Loaded 360 access commands.
2025.08.31 14:14:31,949	INFO	1	org.l2jmobius.gameserver.GameServer	------------------------------------------------=[ Handlers ]
2025.08.31 14:14:31,965	INFO	1	org.l2jmobius.gameserver.handler.ItemHandler	ItemHandler: Loaded 2057 handlers.
2025.08.31 14:14:31,976	INFO	1	org.l2jmobius.gameserver.handler.SkillHandler	SkillHandler: Loaded 76 handlers.
2025.08.31 14:14:32,004	INFO	1	org.l2jmobius.gameserver.handler.AdminCommandHandler	AdminCommandHandler: Loaded 365 handlers.
2025.08.31 14:14:32,008	INFO	1	org.l2jmobius.gameserver.handler.UserCommandHandler	UserCommandHandler: Loaded 15 handlers.
2025.08.31 14:14:41,680	WARNING	24	org.l2jmobius.gameserver.Shutdown	Server issued shutdown command. SIGTERM in 1 seconds!
2025.08.31 14:14:42,691	WARNING	107	org.l2jmobius.gameserver.Shutdown	GM shutdown countdown is over. desligado NOW!
2025.08.31 14:14:42,691	INFO	107	org.l2jmobius.gameserver.Shutdown	GM shutdown received. Shutting down NOW!
2025.08.31 14:14:42,691	INFO	107	org.l2jmobius.gameserver.Shutdown	Disconnecting all players from the Server...
2025.08.31 14:14:42,691	INFO	107	org.l2jmobius.gameserver.Shutdown	Saving all players data...
2025.08.31 14:14:42,692	INFO	107	org.l2jmobius.gameserver.Shutdown	SevenSigns: All info saved!!
2025.08.31 14:14:42,705	INFO	107	org.l2jmobius.gameserver.Shutdown	RaidBossSpawnManager: All raidboss info saved!!
2025.08.31 14:14:42,707	INFO	107	org.l2jmobius.gameserver.Shutdown	GrandBossManager: All Grand Boss info saved!!
2025.08.31 14:14:42,707	INFO	107	org.l2jmobius.gameserver.Shutdown	Clan System: Data saved!!
2025.08.31 14:14:42,707	INFO	107	org.l2jmobius.gameserver.Shutdown	TradeController: All count Item Saved!!
2025.08.31 14:14:42,707	INFO	107	org.l2jmobius.gameserver.Shutdown	Olympiad System: Data saved!!
2025.08.31 14:14:42,711	INFO	107	org.l2jmobius.gameserver.Shutdown	Fishing Championship data have been saved!!
2025.08.31 14:14:42,712	INFO	107	org.l2jmobius.gameserver.Shutdown	BufferTable data has been saved!!
2025.08.31 14:14:42,717	INFO	107	org.l2jmobius.gameserver.instancemanager.GlobalVariablesManager	GlobalVariablesManager: Stored 2 variables.
2025.08.31 14:14:42,717	INFO	107	org.l2jmobius.gameserver.Shutdown	Global Variables Manager: Variables have been saved!!
2025.08.31 14:14:47,719	INFO	107	org.l2jmobius.gameserver.Shutdown	Game Time Task Manager thread has been shutdown.
2025.08.31 14:14:47,719	INFO	107	org.l2jmobius.commons.threads.ThreadPool	ThreadPool: Shutting down.
2025.08.31 14:14:47,723	INFO	107	org.l2jmobius.gameserver.Shutdown	Committing all data, last chance...
2025.08.31 14:14:47,738	INFO	107	org.l2jmobius.gameserver.Shutdown	All database data committed.
2025.08.31 14:14:47,747	INFO	107	org.l2jmobius.gameserver.Shutdown	[STATUS] Server shutdown successfully.
