2025.08.31 18:27:45,808	INFO	1	org.l2jmobius.commons.util.IXmlReader	Network Config: ipconfig.xml exists using manual configuration...
2025.08.31 18:27:45,925	INFO	1	org.l2jmobius.gameserver.GameServer	------------------------------------------------=[ Database ]
2025.08.31 18:27:46,099	INFO	1	org.l2jmobius.commons.database.DatabaseFactory	Database: Initialized.
2025.08.31 18:27:46,100	INFO	1	org.l2jmobius.gameserver.GameServer	----------------------------------------------=[ ThreadPool ]
2025.08.31 18:27:46,101	INFO	1	org.l2jmobius.commons.threads.ThreadPool	ThreadPool: Initialized
2025.08.31 18:27:46,106	INFO	1	org.l2jmobius.commons.threads.ThreadPool	...scheduled pool executor with 48 total threads.
2025.08.31 18:27:46,107	INFO	1	org.l2jmobius.commons.threads.ThreadPool	...instant pool executor with 24 total threads.
2025.08.31 18:27:46,108	INFO	1	org.l2jmobius.gameserver.GameServer	-----------------------------------------------=[ IdManager ]
2025.08.31 18:27:46,109	INFO	1	org.l2jmobius.gameserver.instancemanager.IdManager	Updated characters online status.
2025.08.31 18:27:46,114	INFO	1	org.l2jmobius.gameserver.instancemanager.IdManager	IdManager: Cleaned 0 elements from database in 0 seconds.
2025.08.31 18:27:46,117	INFO	1	org.l2jmobius.gameserver.instancemanager.IdManager	IdManager: Cleaned 0 expired timestamps from database.
2025.08.31 18:27:46,120	INFO	1	org.l2jmobius.gameserver.instancemanager.IdManager	IdManager: 102912 id's available.
2025.08.31 18:27:46,121	INFO	1	org.l2jmobius.gameserver.cache.HtmCache	Cache[HTML]: Running lazy cache
2025.08.31 18:27:46,125	INFO	1	org.l2jmobius.gameserver.data.sql.ClanTable	Restored 0 clans from the database.
2025.08.31 18:27:46,125	INFO	1	org.l2jmobius.gameserver.data.sql.CrestTable	CrestTable: Loaded 0 Crests.
2025.08.31 18:27:46,191	INFO	1	org.l2jmobius.gameserver.scripting.ScriptEngineManager	Loaded 1 files to exclude.
2025.08.31 18:27:46,191	INFO	1	org.l2jmobius.gameserver.GameServer	---------------------------------------------------=[ World ]
2025.08.31 18:27:46,193	INFO	1	org.l2jmobius.gameserver.model.World	World: Setting up World Regions
2025.08.31 18:27:46,221	INFO	1	org.l2jmobius.gameserver.model.World	World: (176x256) World Region Grid set up.
2025.08.31 18:27:46,244	INFO	1	org.l2jmobius.gameserver.instancemanager.GlobalVariablesManager	GlobalVariablesManager: Loaded 2 variables.
2025.08.31 18:27:46,255	INFO	1	org.l2jmobius.commons.util.IXmlReader	StaticObjectData: Loaded 29 static objects.
2025.08.31 18:27:46,261	INFO	1	org.l2jmobius.gameserver.data.sql.TeleportLocationTable	TeleportLocationTable: Loaded 828 Teleport Location Templates
2025.08.31 18:27:46,267	INFO	1	org.l2jmobius.gameserver.data.xml.ExperienceData	ExperienceData: Loaded 87 levels
2025.08.31 18:27:46,268	INFO	1	org.l2jmobius.gameserver.data.xml.ExperienceData	ExperienceData: Max Player Level is: 80
2025.08.31 18:27:46,268	INFO	1	org.l2jmobius.gameserver.data.xml.ExperienceData	ExperienceData: Max Pet Level is: 80
2025.08.31 18:27:46,268	INFO	1	org.l2jmobius.gameserver.instancemanager.DuelManager	Initializing DuelManager
2025.08.31 18:27:46,268	INFO	1	org.l2jmobius.gameserver.GameServer	-------------------------------------------------=[ Players ]
2025.08.31 18:27:46,309	INFO	1	org.l2jmobius.commons.util.IXmlReader	PlayerTemplateData: Loaded 89 player templates.
2025.08.31 18:27:46,313	INFO	1	org.l2jmobius.gameserver.communitybbs.Manager.BaseBBSManager	Loaded 5 forums. Last forum id used: 5
2025.08.31 18:27:46,313	INFO	1	org.l2jmobius.gameserver.GameServer	--------------------------------------------------=[ Skills ]
2025.08.31 18:27:46,428	INFO	1	org.l2jmobius.gameserver.data.sql.SkillTreeTable	SkillTreeTable: Loaded 13851 skills.
2025.08.31 18:27:46,453	INFO	1	org.l2jmobius.gameserver.data.sql.SkillTreeTable	FishingSkillTreeTable: Loaded 109 general skills.
2025.08.31 18:27:46,454	INFO	1	org.l2jmobius.gameserver.data.sql.SkillTreeTable	FishingSkillTreeTable: Loaded 8 dwarven skills.
2025.08.31 18:27:46,454	INFO	1	org.l2jmobius.gameserver.data.sql.SkillTreeTable	EnchantSkillTreeTable: Loaded 14520 enchant skills.
2025.08.31 18:27:46,454	INFO	1	org.l2jmobius.gameserver.data.sql.SkillTreeTable	PledgeSkillTreeTable: Loaded 64 pledge skills.
2025.08.31 18:27:46,980	INFO	1	org.l2jmobius.gameserver.data.SkillTable	SkillsEngine: Loaded 30526 skill templates.
2025.08.31 18:27:46,982	INFO	1	org.l2jmobius.gameserver.data.sql.SkillSpellbookTable	SkillSpellbookTable: Loaded 334 spellbooks
2025.08.31 18:27:46,984	INFO	1	org.l2jmobius.gameserver.data.sql.HelperBuffTable	HelperBuffTable: Loaded 14 templates.
2025.08.31 18:27:46,984	INFO	1	org.l2jmobius.gameserver.GameServer	Skills: All skills loaded.
2025.08.31 18:27:46,984	INFO	1	org.l2jmobius.gameserver.GameServer	---------------------------------------------------=[ Items ]
2025.08.31 18:27:47,302	INFO	1	org.l2jmobius.gameserver.data.ItemTable	Highest item id used: 9991
2025.08.31 18:27:47,310	INFO	1	org.l2jmobius.gameserver.data.xml.ArmorSetData	ArmorSetData: Loaded 54 armor sets.
2025.08.31 18:27:47,339	INFO	1	org.l2jmobius.commons.util.IXmlReader	ExtractableItemData: Extractable with id 9514 has was more than 100% total chance!
2025.08.31 18:27:47,339	INFO	1	org.l2jmobius.commons.util.IXmlReader	ExtractableItemData: Loaded 335 extractable items.
2025.08.31 18:27:47,343	INFO	1	org.l2jmobius.commons.util.IXmlReader	SummonItemData: Loaded 14 summon items.
2025.08.31 18:27:47,349	INFO	1	org.l2jmobius.commons.util.IXmlReader	HennaData: Loaded 180 hennas.
2025.08.31 18:27:47,357	INFO	1	org.l2jmobius.commons.util.IXmlReader	FishData: Loaded 270 fish.
2025.08.31 18:27:47,357	INFO	1	org.l2jmobius.gameserver.GameServer	-----------------------------------------------------=[ Npc ]
2025.08.31 18:27:47,361	INFO	1	org.l2jmobius.gameserver.data.SchemeBufferTable	SchemeBufferTable: Loaded 0 players schemes and 60 available buffs.
2025.08.31 18:27:47,365	INFO	1	org.l2jmobius.gameserver.data.xml.WalkerRouteData	WalkerRouteData: Loaded 12 walker routes.
2025.08.31 18:27:47,467	INFO	1	org.l2jmobius.gameserver.data.sql.NpcTable	NpcTable: Loaded 6594 Npc Templates.
2025.08.31 18:27:47,468	INFO	1	org.l2jmobius.gameserver.data.sql.NpcTable	NpcTable: Loaded 6615 Npc Templates.
2025.08.31 18:27:47,485	INFO	1	org.l2jmobius.gameserver.data.sql.NpcTable	CustomDropList : Added 92 custom droplist
2025.08.31 18:27:47,516	INFO	1	org.l2jmobius.gameserver.data.sql.NpcTable	NpcTable: Loaded 451 Minions.
2025.08.31 18:27:47,517	INFO	1	org.l2jmobius.gameserver.GameServer	-------------------------------------------------=[ Geodata ]
2025.08.31 18:27:48,315	INFO	1	org.l2jmobius.gameserver.geoengine.GeoEngine	GeoEngine: Loaded 163 regions.
2025.08.31 18:27:48,315	INFO	1	org.l2jmobius.gameserver.GameServer	-------------------------------------------------=[ Economy ]
2025.08.31 18:27:48,437	INFO	1	org.l2jmobius.gameserver.instancemanager.TradeManager	TradeController: Loaded 508 Buylists.
2025.08.31 18:27:48,438	INFO	1	org.l2jmobius.gameserver.instancemanager.TradeManager	TradeController: Loaded 132 Limited Buylists.
2025.08.31 18:27:48,442	INFO	1	org.l2jmobius.gameserver.instancemanager.TradeManager	TradeController: Loaded 2 Custom Buylists.
2025.08.31 18:27:48,581	INFO	1	org.l2jmobius.gameserver.data.xml.MultisellData	Multisell: Loaded 154 Multisells.
2025.08.31 18:27:48,581	INFO	1	org.l2jmobius.gameserver.GameServer	----------------------------------------------=[ Clan Halls ]
2025.08.31 18:27:48,582	INFO	1	org.l2jmobius.gameserver.data.sql.ClanHallTable	Initializing ClanHallManager
2025.08.31 18:27:48,607	INFO	1	org.l2jmobius.gameserver.data.sql.ClanHallTable	Loaded: 0 clan halls
2025.08.31 18:27:48,607	INFO	1	org.l2jmobius.gameserver.data.sql.ClanHallTable	Loaded: 44 free clan halls
2025.08.31 18:27:48,609	INFO	1	org.l2jmobius.gameserver.model.siege.clanhalls.FortressOfResistance	Fortress of Resistanse: siege will start the 2025/09/05 21:00
2025.08.31 18:27:48,610	INFO	1	org.l2jmobius.gameserver.model.siege.clanhalls.DevastatedCastle	Devastated Castle: siege will start the 2025/09/01 18:00
2025.08.31 18:27:48,613	INFO	1	org.l2jmobius.gameserver.model.siege.clanhalls.BanditStrongholdSiege	SiegeManager of Bandits Stronghold
2025.08.31 18:27:48,615	INFO	1	org.l2jmobius.gameserver.instancemanager.AuctionManager	Initializing AuctionManager
2025.08.31 18:27:48,622	INFO	1	org.l2jmobius.gameserver.instancemanager.AuctionManager	Loaded: 38 auction(s)
2025.08.31 18:27:48,622	INFO	1	org.l2jmobius.gameserver.GameServer	----------------------------------------------------=[ Zone ]
2025.08.31 18:27:48,630	INFO	1	org.l2jmobius.gameserver.data.xml.ZoneData	ZoneData: Loading zones...
2025.08.31 18:27:48,705	INFO	1	org.l2jmobius.gameserver.instancemanager.GrandBossManager	GrandBossManager: Loaded 15 Instances
2025.08.31 18:27:48,838	INFO	1	org.l2jmobius.gameserver.instancemanager.CastleManager	Initializing CastleManager
2025.08.31 18:27:48,847	INFO	1	org.l2jmobius.gameserver.instancemanager.CastleManager	Loaded: 9 castles
2025.08.31 18:27:50,475	INFO	1	org.l2jmobius.gameserver.instancemanager.FortManager	Initializing FortManager
2025.08.31 18:27:50,489	INFO	1	org.l2jmobius.gameserver.instancemanager.FortManager	Loaded: 21 fortress
2025.08.31 18:27:53,539	INFO	1	org.l2jmobius.gameserver.data.xml.ZoneData	ZoneData: Loaded 22 zones classes and total 1002 zones.
2025.08.31 18:27:53,540	INFO	1	org.l2jmobius.gameserver.GameServer	-----------------------------------------------=[ Spawnlist ]
2025.08.31 18:27:53,565	INFO	1	org.l2jmobius.gameserver.data.sql.FakePlayerTable	FakePlayerTable: loaded 0 NPC to PC polymorphs.
2025.08.31 18:27:53,581	INFO	1	FenceData	FenceData: Loaded 1 Fences.
2025.08.31 18:27:53,738	INFO	1	org.l2jmobius.gameserver.model.siege.Siege	Siege of Dion: Sat Sep 13 20:00:00 BRT 2025
2025.08.31 18:27:53,790	INFO	1	org.l2jmobius.gameserver.model.siege.Siege	Siege of Oren: Sun Sep 07 16:00:00 BRT 2025
2025.08.31 18:27:54,163	INFO	1	org.l2jmobius.gameserver.model.siege.Siege	Siege of Gludio: Sat Sep 13 20:00:00 BRT 2025
2025.08.31 18:27:54,165	INFO	1	org.l2jmobius.gameserver.model.siege.Siege	Siege of Giran: Sun Sep 07 16:00:00 BRT 2025
2025.08.31 18:27:54,166	INFO	1	org.l2jmobius.gameserver.model.siege.Siege	Siege of Innadril: Sun Sep 07 16:00:00 BRT 2025
2025.08.31 18:27:54,167	INFO	1	org.l2jmobius.gameserver.model.siege.Siege	Siege of Aden: Sat Sep 13 20:00:00 BRT 2025
2025.08.31 18:27:54,202	INFO	1	org.l2jmobius.gameserver.model.siege.Siege	Siege of Goddard: Sun Sep 07 16:00:00 BRT 2025
2025.08.31 18:27:54,224	INFO	1	org.l2jmobius.gameserver.model.siege.Siege	Siege of Rune: Sat Sep 13 20:00:00 BRT 2025
2025.08.31 18:27:54,225	INFO	1	org.l2jmobius.gameserver.model.siege.Siege	Siege of Schuttgart: Sat Sep 13 20:00:00 BRT 2025
2025.08.31 18:27:54,331	INFO	1	org.l2jmobius.gameserver.data.sql.SpawnTable	SpawnTable: Loaded 37497 Npc Spawn Locations. 
2025.08.31 18:27:54,331	INFO	1	org.l2jmobius.gameserver.data.sql.SpawnTable	SpawnTable: Total number of NPCs in the world: 37497
2025.08.31 18:27:54,341	INFO	1	org.l2jmobius.gameserver.data.sql.SpawnTable	CustomSpawnTable: Loaded 125 Npc Spawn Locations. 
2025.08.31 18:27:54,341	INFO	1	org.l2jmobius.gameserver.data.sql.SpawnTable	CustomSpawnTable: Total number of NPCs in the world: 125
2025.08.31 18:27:54,367	INFO	1	org.l2jmobius.gameserver.instancemanager.RaidBossSpawnManager	RaidBossSpawnManager: Loaded 186 instances.
2025.08.31 18:27:54,367	INFO	1	org.l2jmobius.gameserver.instancemanager.RaidBossSpawnManager	RaidBossSpawnManager: Scheduled 0 instances.
2025.08.31 18:27:54,370	INFO	1	org.l2jmobius.gameserver.instancemanager.DayNightSpawnManager	DayNightSpawnManager: Removed 0 night creatures
2025.08.31 18:27:54,371	INFO	1	org.l2jmobius.gameserver.instancemanager.DayNightSpawnManager	DayNightSpawnManager: Spawned 232 day creatures
2025.08.31 18:27:54,461	INFO	1	org.l2jmobius.gameserver.GameServer	----------------------------------------=[ Dimensional Rift ]
2025.08.31 18:27:54,465	INFO	1	org.l2jmobius.gameserver.instancemanager.DimensionalRiftManager	DimensionalRiftManager: Loaded 7 room types with 56 rooms.
2025.08.31 18:27:54,470	INFO	1	org.l2jmobius.gameserver.instancemanager.DimensionalRiftManager	DimensionalRiftManager: Loaded 462 dimensional rift spawns.
2025.08.31 18:27:54,470	INFO	1	org.l2jmobius.gameserver.GameServer	----------------------------------------------------=[ Misc ]
2025.08.31 18:27:54,533	INFO	1	org.l2jmobius.gameserver.data.xml.RecipeData	RecipeData: Loaded 871 recipes.
2025.08.31 18:27:54,548	INFO	1	org.l2jmobius.gameserver.data.xml.QuestData	QuestData: Loaded 343 quests.
2025.08.31 18:27:54,549	INFO	1	org.l2jmobius.gameserver.data.xml.AugmentationData	Initializing AugmentationData.
2025.08.31 18:27:54,566	INFO	1	org.l2jmobius.gameserver.data.xml.AugmentationData	AugmentationData: Loaded 52 augmentation stats.
2025.08.31 18:27:54,569	INFO	1	org.l2jmobius.gameserver.instancemanager.games.MonsterRace	MonsterRace: loaded 610 records, currently on race #611
2025.08.31 18:27:54,573	INFO	1	org.l2jmobius.gameserver.instancemanager.MercTicketManager	Initializing MercTicketManager
2025.08.31 18:27:54,573	INFO	1	org.l2jmobius.gameserver.instancemanager.MercTicketManager	Loaded: 0 Mercenary Tickets
2025.08.31 18:27:54,575	INFO	1	org.l2jmobius.gameserver.instancemanager.CursedWeaponsManager	Initializing CursedWeaponsManager.
2025.08.31 18:27:54,577	INFO	1	org.l2jmobius.gameserver.instancemanager.CursedWeaponsManager	Loaded: 2 cursed weapon(s).
2025.08.31 18:27:54,588	INFO	1	org.l2jmobius.gameserver.GameServer	---------------------------------------------------=[ Manor ]
2025.08.31 18:27:54,594	INFO	1	org.l2jmobius.gameserver.data.xml.ManorSeedData	ManorSeedData: Loaded 256 seeds.
2025.08.31 18:27:54,597	INFO	1	org.l2jmobius.gameserver.GameServer	-------------------------------------------------=[ Castles ]
2025.08.31 18:27:54,598	INFO	1	org.l2jmobius.gameserver.instancemanager.SiegeManager	Initializing SiegeManager
2025.08.31 18:27:54,600	INFO	1	org.l2jmobius.gameserver.instancemanager.FortSiegeManager	Initializing FortSiegeManager
2025.08.31 18:27:54,601	INFO	1	org.l2jmobius.gameserver.GameServer	----------------------------------------------------=[ Boat ]
2025.08.31 18:27:54,609	INFO	1	org.l2jmobius.gameserver.data.xml.BoatData	BoatData: Loaded 5 boats.
2025.08.31 18:27:54,609	INFO	1	org.l2jmobius.gameserver.data.xml.BoatData	BoatData: Loaded 9 paths.
2025.08.31 18:27:54,609	INFO	1	org.l2jmobius.gameserver.GameServer	---------------------------------------------------=[ Doors ]
2025.08.31 18:27:54,645	INFO	1	org.l2jmobius.gameserver.data.xml.DoorData	DoorData: Loaded 1001 doors.
2025.08.31 18:27:54,645	INFO	1	org.l2jmobius.gameserver.GameServer	-----------------------------------------=[ Four Sepulchers ]
2025.08.31 18:27:54,647	INFO	1	org.l2jmobius.gameserver.instancemanager.GrandBossManager	GrandBossManager: Loaded 15 Instances
2025.08.31 18:27:54,668	INFO	1	org.l2jmobius.gameserver.instancemanager.GrandBossManager	FourSepulchersManager: Beginning in Attack time
2025.08.31 18:27:54,668	INFO	1	org.l2jmobius.gameserver.GameServer	---------------------------------------------=[ Seven Signs ]
2025.08.31 18:27:54,670	INFO	1	org.l2jmobius.gameserver.model.sevensigns.SevenSigns	SevenSigns: Currently in the Seal Validation period!
2025.08.31 18:27:54,670	INFO	1	org.l2jmobius.gameserver.model.sevensigns.SevenSigns	SevenSigns: The Seal of Avareza remains unclaimed.
2025.08.31 18:27:54,670	INFO	1	org.l2jmobius.gameserver.model.sevensigns.SevenSigns	SevenSigns: The Seal of Gnose remains unclaimed.
2025.08.31 18:27:54,671	INFO	1	org.l2jmobius.gameserver.model.sevensigns.SevenSigns	SevenSigns: The Seal of Conflito remains unclaimed.
2025.08.31 18:27:54,671	INFO	1	org.l2jmobius.gameserver.model.sevensigns.SevenSigns	SevenSigns: The competition ended with a tie last week.
2025.08.31 18:27:54,671	INFO	1	org.l2jmobius.gameserver.model.sevensigns.SevenSigns	SevenSigns: Next period in 0 days, 23 hours and 32 mins.
2025.08.31 18:27:54,694	INFO	1	org.l2jmobius.gameserver.model.sevensigns.SevenSignsFestival	SevenSignsFestival: Initialization bypassed due to Seal Validation in effect.
2025.08.31 18:27:54,695	INFO	1	org.l2jmobius.gameserver.GameServer	-----------------------------------------=[ Olympiad System ]
2025.08.31 18:27:54,696	INFO	1	org.l2jmobius.gameserver.model.olympiad.Olympiad	Olympiad System: Loading Olympiad System....
2025.08.31 18:27:54,696	INFO	1	org.l2jmobius.gameserver.model.olympiad.Olympiad	Olympiad System: Currently in Olympiad Period
2025.08.31 18:27:54,696	INFO	1	org.l2jmobius.gameserver.model.olympiad.Olympiad	Olympiad System: 1052 minutes until period ends
2025.08.31 18:27:54,696	INFO	1	org.l2jmobius.gameserver.model.olympiad.Olympiad	Olympiad System: Next weekly change is in 8441 minutes
2025.08.31 18:27:54,696	INFO	1	org.l2jmobius.gameserver.model.olympiad.Olympiad	Olympiad System: Loaded 0 Nobles
2025.08.31 18:27:54,697	INFO	1	org.l2jmobius.gameserver.model.olympiad.Olympiad	Olympiad System: Competition Period Starts in 0 days, 0 hours and 0 mins.
2025.08.31 18:27:54,697	INFO	1	org.l2jmobius.gameserver.model.olympiad.Olympiad	Olympiad System: Event starts/started : Sun Aug 31 18:00:54 BRT 2025
2025.08.31 18:27:54,698	INFO	1	org.l2jmobius.gameserver.model.olympiad.Hero	Hero System: Loaded 0 Heroes.
2025.08.31 18:27:54,698	INFO	1	org.l2jmobius.gameserver.model.olympiad.Hero	Hero System: Loaded 0 all time Heroes.
2025.08.31 18:27:54,698	INFO	1	org.l2jmobius.gameserver.GameServer	-------------------------------------------=[ Access Levels ]
2025.08.31 18:27:54,702	INFO	1	org.l2jmobius.gameserver.data.xml.AdminData	AdminData: Loaded 7 access levels.
2025.08.31 18:27:54,706	INFO	1	org.l2jmobius.gameserver.data.xml.AdminData	AdminData: Loaded 360 access commands.
2025.08.31 18:27:54,706	INFO	1	org.l2jmobius.gameserver.GameServer	------------------------------------------------=[ Handlers ]
2025.08.31 18:27:54,709	INFO	56	org.l2jmobius.gameserver.model.olympiad.Olympiad	Olympiad System: Olympiad Game Started
2025.08.31 18:27:54,723	INFO	1	org.l2jmobius.gameserver.handler.ItemHandler	ItemHandler: Loaded 2057 handlers.
2025.08.31 18:27:54,735	INFO	1	org.l2jmobius.gameserver.handler.SkillHandler	SkillHandler: Loaded 76 handlers.
2025.08.31 18:27:54,765	INFO	1	org.l2jmobius.gameserver.handler.AdminCommandHandler	AdminCommandHandler: Loaded 365 handlers.
2025.08.31 18:27:54,771	INFO	1	org.l2jmobius.gameserver.handler.UserCommandHandler	UserCommandHandler: Loaded 15 handlers.
2025.08.31 18:27:54,774	INFO	1	org.l2jmobius.gameserver.handler.VoicedCommandHandler	VoicedCommandHandler: Loaded 9 handlers.
2025.08.31 18:27:54,775	INFO	1	org.l2jmobius.gameserver.GameServer	AutoChatHandler: Loaded 32 handlers in total.
2025.08.31 18:27:54,775	INFO	1	org.l2jmobius.gameserver.GameServer	AutoSpawnHandler: Loaded 129 handlers in total.
2025.08.31 18:27:54,776	INFO	1	org.l2jmobius.gameserver.GameServer	-------------------------------------------------=[ Scripts ]
2025.08.31 18:27:54,776	INFO	1	org.l2jmobius.gameserver.GameServer	ScriptEngineManager: Loading server scripts:
2025.08.31 18:28:01,348	INFO	1	org.l2jmobius.gameserver.instancemanager.GrandBossManager	Updated Alta Sacerdotisa van Halter(29062) status to 1
2025.08.31 18:28:01,388	INFO	1	org.l2jmobius.gameserver.model.quest.Quest	Event L2 Day has passed... Ignored 
2025.08.31 18:28:01,582	INFO	1	org.l2jmobius.gameserver.GameServer	----------------------------------------------=[ My Scripts ]
2025.08.31 18:28:01,583	INFO	1	org.l2jmobius.gameserver.auction.AuctionTable	Loaded 0 Auction items.
2025.08.31 18:28:01,590	INFO	1	org.l2jmobius.gameserver.donation.DonationManager	Loaded {13} donations.
2025.08.31 18:28:01,593	INFO	1	org.l2jmobius.gameserver.instancemanager.BuffShopManager	BuffShop: Attempting to restore buffshops...
2025.08.31 18:28:01,594	INFO	1	org.l2jmobius.gameserver.instancemanager.BuffShopManager	BuffShop: Loaded: 0 offline shop(s).
2025.08.31 18:28:01,594	INFO	1	org.l2jmobius.gameserver.GameServer	--------------------------------------------------=[ Quests ]
2025.08.31 18:28:01,594	INFO	1	org.l2jmobius.gameserver.instancemanager.QuestManager	Loaded: 343 quest scripts.
2025.08.31 18:28:01,594	INFO	1	org.l2jmobius.gameserver.GameServer	---------------------------------------------=[ Game Server ]
2025.08.31 18:28:01,594	INFO	1	org.l2jmobius.gameserver.GameServer	IdFactory: Free ObjectID's remaining: 1879005877
2025.08.31 18:28:01,595	INFO	1	org.l2jmobius.gameserver.instancemanager.CoupleManager	Initializing CoupleManager
2025.08.31 18:28:01,595	INFO	1	org.l2jmobius.gameserver.instancemanager.CoupleManager	Loaded: 0 couples(s)
2025.08.31 18:28:01,596	INFO	1	org.l2jmobius.gameserver.data.sql.OfflineTraderTable	OfflineTraderTable: Loading offline traders...
2025.08.31 18:28:01,598	WARNING	1	org.l2jmobius.gameserver.data.sql.OfflineTraderTable	OfflineTraderTable: Error while loading offline traders: 
2025.08.31 18:28:01,603	INFO	1	org.l2jmobius.gameserver.GameServer	----------------------------------------------=[ Protection ]
2025.08.31 18:28:01,603	INFO	1	org.l2jmobius.gameserver.GameServer	Check skills on enter actived.
2025.08.31 18:28:01,603	INFO	1	org.l2jmobius.gameserver.GameServer	Check bad name on enter actived.
2025.08.31 18:28:01,603	INFO	1	org.l2jmobius.gameserver.GameServer	Check OverEnchant items on enter actived.
2025.08.31 18:28:01,603	INFO	1	org.l2jmobius.gameserver.GameServer	Bypass Validation actived.
2025.08.31 18:28:01,604	INFO	1	org.l2jmobius.gameserver.GameServer	--------------------------------------------------=[ Status ]
2025.08.31 18:28:01,849	INFO	1	org.l2jmobius.gameserver.GameServer	GameServer: Started, using 1043 of 6128 MB total memory.
2025.08.31 18:28:01,849	INFO	1	org.l2jmobius.gameserver.GameServer	GameServer: Maximum number of connected players is 2000.
2025.08.31 18:28:01,849	INFO	1	org.l2jmobius.gameserver.GameServer	GameServer: Server loaded in 16 seconds.
2025.08.31 18:28:01,860	INFO	109	org.l2jmobius.commons.network.NetServer	GameServer: Listening on port 7777 for incoming connections.
2025.08.31 18:28:01,862	INFO	110	org.l2jmobius.gameserver.LoginServerThread	LoginServerThread: Connecting to login on 127.0.0.1:9014
2025.08.31 18:28:01,897	INFO	110	org.l2jmobius.gameserver.LoginServerThread	LoginServerThread: Registered on login as Server 1: Bartz
2025.08.31 18:28:19,901	WARNING	24	org.l2jmobius.gameserver.Shutdown	Server issued shutdown command. SIGTERM in 1 seconds!
2025.08.31 18:28:20,902	WARNING	112	org.l2jmobius.gameserver.Shutdown	GM shutdown countdown is over. desligado NOW!
2025.08.31 18:28:20,902	INFO	112	org.l2jmobius.gameserver.Shutdown	GM shutdown received. Shutting down NOW!
2025.08.31 18:28:20,902	INFO	112	org.l2jmobius.gameserver.instancemanager.BuffShopManager	BuffShop: Attempting to save buffshops...
2025.08.31 18:28:20,902	INFO	112	org.l2jmobius.gameserver.instancemanager.BuffShopManager	BuffShop: Offline shops stored.
2025.08.31 18:28:20,902	INFO	112	org.l2jmobius.gameserver.Shutdown	Disconnecting all players from the Server...
2025.08.31 18:28:20,902	INFO	112	org.l2jmobius.gameserver.Shutdown	Saving all players data...
2025.08.31 18:28:20,903	INFO	112	org.l2jmobius.gameserver.Shutdown	SevenSigns: All info saved!!
2025.08.31 18:28:20,918	INFO	112	org.l2jmobius.gameserver.Shutdown	RaidBossSpawnManager: All raidboss info saved!!
2025.08.31 18:28:20,920	INFO	112	org.l2jmobius.gameserver.Shutdown	GrandBossManager: All Grand Boss info saved!!
2025.08.31 18:28:20,920	INFO	112	org.l2jmobius.gameserver.Shutdown	Clan System: Data saved!!
2025.08.31 18:28:20,920	INFO	112	org.l2jmobius.gameserver.Shutdown	TradeController: All count Item Saved!!
2025.08.31 18:28:20,920	INFO	112	org.l2jmobius.gameserver.Shutdown	Olympiad System: Data saved!!
2025.08.31 18:28:20,922	INFO	112	org.l2jmobius.gameserver.Shutdown	Fishing Championship data have been saved!!
2025.08.31 18:28:20,923	INFO	112	org.l2jmobius.gameserver.Shutdown	BufferTable data has been saved!!
2025.08.31 18:28:20,930	INFO	112	org.l2jmobius.gameserver.instancemanager.GlobalVariablesManager	GlobalVariablesManager: Stored 2 variables.
2025.08.31 18:28:20,930	INFO	112	org.l2jmobius.gameserver.Shutdown	Global Variables Manager: Variables have been saved!!
2025.08.31 18:28:25,931	INFO	112	org.l2jmobius.gameserver.Shutdown	Game Time Task Manager thread has been shutdown.
2025.08.31 18:28:25,931	INFO	112	org.l2jmobius.commons.threads.ThreadPool	ThreadPool: Shutting down.
2025.08.31 18:28:25,934	INFO	112	org.l2jmobius.gameserver.Shutdown	Committing all data, last chance...
2025.08.31 18:28:25,949	INFO	112	org.l2jmobius.gameserver.Shutdown	All database data committed.
2025.08.31 18:28:25,954	INFO	112	org.l2jmobius.gameserver.Shutdown	[STATUS] Server shutdown successfully.
